jungle adventure/jungle adventure/Temp/gradleOut/build/outputs/logs/manifest-merger-release-report.txt
-- Merging decision tree log ---
manifest
ADDED from src\main\AndroidManifest.xml:2:1-22:12
INJECTED from src\main\AndroidManifest.xml:2:1-22:12
INJECTED from src\main\AndroidManifest.xml:2:1-22:12
INJECTED from src\main\AndroidManifest.xml:2:1-22:12
MERGED from [:UnityAds:] AndroidManifest.xml:2:1-37:12
MERGED from [:UnityChannel:] AndroidManifest.xml:2:1-56:12
INJECTED from src\main\AndroidManifest.xml:2:1-22:12
INJECTED from src\main\AndroidManifest.xml:2:1-22:12
INJECTED from src\main\AndroidManifest.xml:2:1-22:12
	package
		ADDED from src\main\AndroidManifest.xml:2:70-106
		INJECTED from src\main\AndroidManifest.xml
		INJECTED from src\main\AndroidManifest.xml
	android:versionName
		INJECTED from src\main\AndroidManifest.xml
		ADDED from src\main\AndroidManifest.xml:2:1-22:12
		INJECTED from src\main\AndroidManifest.xml
	xmlns:tools
		ADDED from src\main\AndroidManifest.xml:2:107-153
	android:versionCode
		INJECTED from src\main\AndroidManifest.xml
		ADDED from src\main\AndroidManifest.xml:2:1-22:12
		INJECTED from src\main\AndroidManifest.xml
	xmlns:android
		ADDED from src\main\AndroidManifest.xml:2:11-69
	android:installLocation
		ADDED from src\main\AndroidManifest.xml:2:154-194
supports-screens
ADDED from src\main\AndroidManifest.xml:3:3-163
	android:largeScreens
		ADDED from src\main\AndroidManifest.xml:3:78-105
	android:smallScreens
		ADDED from src\main\AndroidManifest.xml:3:21-48
	android:normalScreens
		ADDED from src\main\AndroidManifest.xml:3:49-77
	android:xlargeScreens
		ADDED from src\main\AndroidManifest.xml:3:106-134
	android:anyDensity
		ADDED from src\main\AndroidManifest.xml:3:135-160
application
ADDED from src\main\AndroidManifest.xml:4:3-16:17
MERGED from [:UnityAds:] AndroidManifest.xml:14:5-35:19
MERGED from [:UnityAds:] AndroidManifest.xml:14:5-35:19
MERGED from [:UnityChannel:] AndroidManifest.xml:18:5-54:19
MERGED from [:UnityChannel:] AndroidManifest.xml:18:5-54:19
	android:label
		ADDED from src\main\AndroidManifest.xml:4:90-122
	android:icon
		ADDED from src\main\AndroidManifest.xml:4:58-89
	android:banner
		ADDED from src\main\AndroidManifest.xml:4:145-182
	android:theme
		ADDED from src\main\AndroidManifest.xml:4:16-57
	android:isGame
		ADDED from src\main\AndroidManifest.xml:4:123-144
activity#com.unity3d.player.UnityPlayerActivity
ADDED from src\main\AndroidManifest.xml:5:5-12:16
	android:screenOrientation
		ADDED from src\main\AndroidManifest.xml:5:102-140
	android:label
		ADDED from src\main\AndroidManifest.xml:5:69-101
	android:launchMode
		ADDED from src\main\AndroidManifest.xml:5:141-172
	android:hardwareAccelerated
		ADDED from src\main\AndroidManifest.xml:5:355-390
	android:configChanges
		ADDED from src\main\AndroidManifest.xml:5:173-354
	android:name
		ADDED from src\main\AndroidManifest.xml:5:15-68
intent-filter#action:name:android.intent.action.MAIN+category:name:android.intent.category.LAUNCHER+category:name:android.intent.category.LEANBACK_LAUNCHER
ADDED from src\main\AndroidManifest.xml:6:7-10:23
action#android.intent.action.MAIN
ADDED from src\main\AndroidManifest.xml:7:9-61
	android:name
		ADDED from src\main\AndroidManifest.xml:7:17-58
category#android.intent.category.LAUNCHER
ADDED from src\main\AndroidManifest.xml:8:9-69
	android:name
		ADDED from src\main\AndroidManifest.xml:8:19-66
category#android.intent.category.LEANBACK_LAUNCHER
ADDED from src\main\AndroidManifest.xml:9:9-78
	android:name
		ADDED from src\main\AndroidManifest.xml:9:19-75
meta-data#unityplayer.UnityActivity
ADDED from src\main\AndroidManifest.xml:11:7-82
	android:value
		ADDED from src\main\AndroidManifest.xml:11:59-79
	android:name
		ADDED from src\main\AndroidManifest.xml:11:18-58
meta-data#unity.build-id
ADDED from src\main\AndroidManifest.xml:13:5-101
	android:value
		ADDED from src\main\AndroidManifest.xml:13:46-98
	android:name
		ADDED from src\main\AndroidManifest.xml:13:16-45
meta-data#unity.splash-mode
ADDED from src\main\AndroidManifest.xml:14:5-69
	android:value
		ADDED from src\main\AndroidManifest.xml:14:49-66
	android:name
		ADDED from src\main\AndroidManifest.xml:14:16-48
meta-data#unity.splash-enable
ADDED from src\main\AndroidManifest.xml:15:5-74
	android:value
		ADDED from src\main\AndroidManifest.xml:15:51-71
	android:name
		ADDED from src\main\AndroidManifest.xml:15:16-50
uses-feature#0x00020000
ADDED from src\main\AndroidManifest.xml:17:3-52
	android:glEsVersion
		ADDED from src\main\AndroidManifest.xml:17:17-49
uses-permission#android.permission.INTERNET
ADDED from src\main\AndroidManifest.xml:18:3-65
MERGED from [:UnityAds:] AndroidManifest.xml:12:5-67
MERGED from [:UnityAds:] AndroidManifest.xml:12:5-67
MERGED from [:UnityChannel:] AndroidManifest.xml:15:5-67
MERGED from [:UnityChannel:] AndroidManifest.xml:15:5-67
	android:name
		ADDED from src\main\AndroidManifest.xml:18:20-62
uses-feature#android.hardware.touchscreen
ADDED from src\main\AndroidManifest.xml:19:3-88
	android:required
		ADDED from src\main\AndroidManifest.xml:19:61-85
	android:name
		ADDED from src\main\AndroidManifest.xml:19:17-60
uses-feature#android.hardware.touchscreen.multitouch
ADDED from src\main\AndroidManifest.xml:20:3-99
	android:required
		ADDED from src\main\AndroidManifest.xml:20:72-96
	android:name
		ADDED from src\main\AndroidManifest.xml:20:17-71
uses-feature#android.hardware.touchscreen.multitouch.distinct
ADDED from src\main\AndroidManifest.xml:21:3-108
	android:required
		ADDED from src\main\AndroidManifest.xml:21:81-105
	android:name
		ADDED from src\main\AndroidManifest.xml:21:17-80
uses-sdk
INJECTED from src\main\AndroidManifest.xml reason: use-sdk injection requested
INJECTED from src\main\AndroidManifest.xml
INJECTED from src\main\AndroidManifest.xml
MERGED from [:UnityAds:] AndroidManifest.xml:7:5-9:41
MERGED from [:UnityAds:] AndroidManifest.xml:7:5-9:41
MERGED from [:UnityChannel:] AndroidManifest.xml:7:5-44
MERGED from [:UnityChannel:] AndroidManifest.xml:7:5-44
INJECTED from src\main\AndroidManifest.xml
INJECTED from src\main\AndroidManifest.xml
	android:targetSdkVersion
		INJECTED from src\main\AndroidManifest.xml
		ADDED from src\main\AndroidManifest.xml
		INJECTED from src\main\AndroidManifest.xml
	android:minSdkVersion
		INJECTED from src\main\AndroidManifest.xml
		ADDED from src\main\AndroidManifest.xml
		INJECTED from src\main\AndroidManifest.xml
uses-permission#android.permission.ACCESS_NETWORK_STATE
ADDED from [:UnityAds:] AndroidManifest.xml:11:5-79
MERGED from [:UnityChannel:] AndroidManifest.xml:11:5-79
MERGED from [:UnityChannel:] AndroidManifest.xml:11:5-79
	android:name
		ADDED from [:UnityAds:] AndroidManifest.xml:11:22-76
activity#com.unity3d.ads.adunit.AdUnitActivity
ADDED from [:UnityAds:] AndroidManifest.xml:15:9-19:74
	android:hardwareAccelerated
		ADDED from [:UnityAds:] AndroidManifest.xml:18:13-47
	android:configChanges
		ADDED from [:UnityAds:] AndroidManifest.xml:17:13-170
	android:theme
		ADDED from [:UnityAds:] AndroidManifest.xml:19:13-71
	android:name
		ADDED from [:UnityAds:] AndroidManifest.xml:16:13-65
activity#com.unity3d.ads.adunit.AdUnitTransparentActivity
ADDED from [:UnityAds:] AndroidManifest.xml:20:9-24:86
	android:hardwareAccelerated
		ADDED from [:UnityAds:] AndroidManifest.xml:23:13-47
	android:configChanges
		ADDED from [:UnityAds:] AndroidManifest.xml:22:13-170
	android:theme
		ADDED from [:UnityAds:] AndroidManifest.xml:24:13-83
	android:name
		ADDED from [:UnityAds:] AndroidManifest.xml:21:13-76
activity#com.unity3d.ads.adunit.AdUnitTransparentSoftwareActivity
ADDED from [:UnityAds:] AndroidManifest.xml:25:9-29:86
	android:hardwareAccelerated
		ADDED from [:UnityAds:] AndroidManifest.xml:28:13-48
	android:configChanges
		ADDED from [:UnityAds:] AndroidManifest.xml:27:13-170
	android:theme
		ADDED from [:UnityAds:] AndroidManifest.xml:29:13-83
	android:name
		ADDED from [:UnityAds:] AndroidManifest.xml:26:13-84
activity#com.unity3d.ads.adunit.AdUnitSoftwareActivity
ADDED from [:UnityAds:] AndroidManifest.xml:30:9-34:74
	android:hardwareAccelerated
		ADDED from [:UnityAds:] AndroidManifest.xml:33:13-48
	android:configChanges
		ADDED from [:UnityAds:] AndroidManifest.xml:32:13-170
	android:theme
		ADDED from [:UnityAds:] AndroidManifest.xml:34:13-71
	android:name
		ADDED from [:UnityAds:] AndroidManifest.xml:31:13-73
uses-permission#android.permission.GET_TASKS
ADDED from [:UnityChannel:] AndroidManifest.xml:9:5-68
	android:name
		ADDED from [:UnityChannel:] AndroidManifest.xml:9:22-65
uses-permission#android.permission.ACCESS_WIFI_STATE
ADDED from [:UnityChannel:] AndroidManifest.xml:10:5-76
	android:name
		ADDED from [:UnityChannel:] AndroidManifest.xml:10:22-73
uses-permission#com.xiaomi.sdk.permission.PAYMENT
ADDED from [:UnityChannel:] AndroidManifest.xml:12:5-73
	android:name
		ADDED from [:UnityChannel:] AndroidManifest.xml:12:22-70
uses-permission#android.permission.READ_PHONE_STATE
ADDED from [:UnityChannel:] AndroidManifest.xml:13:5-75
	android:name
		ADDED from [:UnityChannel:] AndroidManifest.xml:13:22-72
uses-permission#android.permission.GET_ACCOUNTS
ADDED from [:UnityChannel:] AndroidManifest.xml:14:5-71
	android:name
		ADDED from [:UnityChannel:] AndroidManifest.xml:14:22-68
uses-permission#com.xiaomi.permission.AUTH_SERVICE
ADDED from [:UnityChannel:] AndroidManifest.xml:16:5-74
	android:name
		ADDED from [:UnityChannel:] AndroidManifest.xml:16:22-71
activity#com.xiaomi.gamecenter.sdk.ui.MiActivity
ADDED from [:UnityChannel:] AndroidManifest.xml:21:9-26:20
	android:screenOrientation
		ADDED from [:UnityChannel:] AndroidManifest.xml:24:13-47
	android:configChanges
		ADDED from [:UnityChannel:] AndroidManifest.xml:23:13-59
	android:theme
		ADDED from [:UnityChannel:] AndroidManifest.xml:25:13-72
	android:name
		ADDED from [:UnityChannel:] AndroidManifest.xml:22:13-67
activity#com.xiaomi.gamecenter.sdk.ui.PayListActivity
ADDED from [:UnityChannel:] AndroidManifest.xml:27:9-31:75
	android:exported
		ADDED from [:UnityChannel:] AndroidManifest.xml:30:13-36
	android:configChanges
		ADDED from [:UnityChannel:] AndroidManifest.xml:29:13-59
	android:theme
		ADDED from [:UnityChannel:] AndroidManifest.xml:31:13-72
	android:name
		ADDED from [:UnityChannel:] AndroidManifest.xml:28:13-72
activity#com.xiaomi.gamecenter.alipay.HyAlipayActivity
ADDED from [:UnityChannel:] AndroidManifest.xml:32:9-36:75
	android:exported
		ADDED from [:UnityChannel:] AndroidManifest.xml:35:13-36
	android:configChanges
		ADDED from [:UnityChannel:] AndroidManifest.xml:34:13-59
	android:theme
		ADDED from [:UnityChannel:] AndroidManifest.xml:36:13-72
	android:name
		ADDED from [:UnityChannel:] AndroidManifest.xml:33:13-73
activity#com.xiaomi.account.openauth.AuthorizeActivity
ADDED from [:UnityChannel:] AndroidManifest.xml:37:9-41:75
	android:exported
		ADDED from [:UnityChannel:] AndroidManifest.xml:40:13-36
	android:configChanges
		ADDED from [:UnityChannel:] AndroidManifest.xml:39:13-59
	android:theme
		ADDED from [:UnityChannel:] AndroidManifest.xml:41:13-72
	android:name
		ADDED from [:UnityChannel:] AndroidManifest.xml:38:13-73
activity#com.xiaomi.gamecenter.wxwap.HyWxWappayActivity
ADDED from [:UnityChannel:] AndroidManifest.xml:42:9-46:75
	android:exported
		ADDED from [:UnityChannel:] AndroidManifest.xml:45:13-36
	android:configChanges
		ADDED from [:UnityChannel:] AndroidManifest.xml:44:13-59
	android:theme
		ADDED from [:UnityChannel:] AndroidManifest.xml:46:13-72
	android:name
		ADDED from [:UnityChannel:] AndroidManifest.xml:43:13-74
activity#com.alipay.sdk.app.H5PayActivity
ADDED from [:UnityChannel:] AndroidManifest.xml:47:9-52:70
	android:screenOrientation
		ADDED from [:UnityChannel:] AndroidManifest.xml:51:13-47
	android:windowSoftInputMode
		ADDED from [:UnityChannel:] AndroidManifest.xml:52:13-67
	android:exported
		ADDED from [:UnityChannel:] AndroidManifest.xml:50:13-37
	android:configChanges
		ADDED from [:UnityChannel:] AndroidManifest.xml:49:13-85
	android:name
		ADDED from [:UnityChannel:] AndroidManifest.xml:48:13-60